{"F:\\Career Plan\\我的职业规划\\就业\\毕业求职\\letschat\\src\\components\\Button.tsx": {"path":"F:\\Career Plan\\我的职业规划\\就业\\毕业求职\\letschat\\src\\components\\Button.tsx","statementMap":{"0":{"start":{"line":2,"column":2},"end":{"line":2,"column":109}},"1":{"start":{"line":5,"column":0},"end":{"line":5,"column":22}}},"fnMap":{"0":{"name":"Button","decl":{"start":{"line":1,"column":9},"end":{"line":1,"column":15}},"loc":{"start":{"line":1,"column":57},"end":{"line":3,"column":1}}}},"branchMap":{},"s":{"0":1,"1":1},"f":{"0":1},"b":{}}
}
